#set( $symbol_pound = '#' )
#set( $symbol_dollar = '$' )
#set( $symbol_escape = '\' )
<?xml version="1.0" encoding="UTF-8"?>
<!-- Generated by org.testng.reporters.JUnitReportReporter -->
<testsuite hostname="ATMECSINDT-080" failures="0" tests="5" name="${package}.testscripts.ValidateHomePage" time="28.772" errors="0" timestamp="09 Oct 2019 14:50:09 GMT" skipped="0">
  <testcase classname="${package}.testscripts.ValidateHomePage" name="setup" time="16.798"/>
  <testcase classname="${package}.testscripts.ValidateHomePage" name="validationLogo" time="0.078"/>
  <testcase classname="${package}.testscripts.ValidateHomePage" name="validateTitleOfBrowswer" time="3.025"/>
  <testcase classname="${package}.testscripts.ValidateHomePage" name="validateDropDown" time="3.036"/>
  <testcase classname="${package}.testscripts.ValidateHomePage" name="validateTabsHomePage" time="5.835"/>
</testsuite> <!-- ${package}.testscripts.ValidateHomePage -->
