#set( $symbol_pound = '#' )
#set( $symbol_dollar = '$' )
#set( $symbol_escape = '\' )
<?xml version="1.0" encoding="UTF-8"?>
<!-- Generated by org.testng.reporters.JUnitReportReporter -->
<testsuite hostname="ATMECSINDT-080" failures="0" tests="6" name="${package}.testscripts.HeroImagePage" time="54.813" errors="0" timestamp="09 Oct 2019 11:48:18 GMT" skipped="0">
  <testcase classname="${package}.testscripts.HeroImagePage" name="setup" time="19.649"/>
  <testcase classname="${package}.testscripts.HeroImagePage" name="clickOnHeroImage" time="9.524"/>
  <testcase classname="${package}.testscripts.HeroImagePage" name="navigateTabs" time="0.132"/>
  <testcase classname="${package}.testscripts.HeroImagePage" name="validateContentOfTabs" time="12.253"/>
  <testcase classname="${package}.testscripts.HeroImagePage" name="validateSortByNumber" time="6.081"/>
  <testcase classname="${package}.testscripts.HeroImagePage" name="validateSortByActions" time="7.174"/>
</testsuite> <!-- ${package}.testscripts.HeroImagePage -->
