<?xml version="1.0" encoding="UTF-8"?>
<!-- Generated by org.testng.reporters.JUnitReportReporter -->
<testsuite hostname="ATMECSINDT-080" failures="0" tests="6" name="com.atmecs.konakart.testscripts.HeroImagePage" time="48.661" errors="0" timestamp="11 Oct 2019 06:27:17 GMT" skipped="0">
  <testcase classname="com.atmecs.konakart.testscripts.HeroImagePage" name="setup" time="19.701"/>
  <testcase classname="com.atmecs.konakart.testscripts.HeroImagePage" name="clickOnHeroImage" time="5.640"/>
  <testcase classname="com.atmecs.konakart.testscripts.HeroImagePage" name="navigateTabs" time="0.163"/>
  <testcase classname="com.atmecs.konakart.testscripts.HeroImagePage" name="validateContentOfTabs" time="12.208"/>
  <testcase classname="com.atmecs.konakart.testscripts.HeroImagePage" name="validateSortByNumber" time="6.065"/>
  <testcase classname="com.atmecs.konakart.testscripts.HeroImagePage" name="validateSortByActions" time="4.884"/>
</testsuite> <!-- com.atmecs.konakart.testscripts.HeroImagePage -->
