<?xml version="1.0" encoding="UTF-8"?>
<!-- Generated by org.testng.reporters.JUnitReportReporter -->
<testsuite hostname="ATMECSINDT-080" failures="0" tests="7" name="it.pkg.testscripts.ProductSelectPage" time="26.553" errors="0" timestamp="09 Oct 2019 15:09:37 GMT" skipped="0">
  <testcase classname="it.pkg.testscripts.ProductSelectPage" name="setup" time="16.366"/>
  <testcase classname="it.pkg.testscripts.ProductSelectPage" name="selectProductFromDropdown" time="0.195"/>
  <testcase classname="it.pkg.testscripts.ProductSelectPage" name="enterData" time="0.147"/>
  <testcase classname="it.pkg.testscripts.ProductSelectPage" name="hitSearch" time="0.955"/>
  <testcase classname="it.pkg.testscripts.ProductSelectPage" name="validateOutcomeNotByDropdown" time="3.018"/>
  <testcase classname="it.pkg.testscripts.ProductSelectPage" name="enterValue" time="2.839"/>
  <testcase classname="it.pkg.testscripts.ProductSelectPage" name="validateOutcomeByDropdown" time="3.033"/>
</testsuite> <!-- it.pkg.testscripts.ProductSelectPage -->
