#set( $symbol_pound = '#' )
#set( $symbol_dollar = '$' )
#set( $symbol_escape = '\' )
<?xml version="1.0" encoding="UTF-8"?>
<!-- Generated by org.testng.reporters.JUnitReportReporter -->
<testsuite hostname="ATMECSINDT-080" failures="0" tests="7" name="${package}.testscripts.SearchPage" time="25.938" errors="0" timestamp="09 Oct 2019 11:45:26 GMT" skipped="0">
  <testcase classname="${package}.testscripts.SearchPage" name="setup" time="17.382"/>
  <testcase classname="${package}.testscripts.SearchPage" name="clickOnSearch" time="0.127"/>
  <testcase classname="${package}.testscripts.SearchPage" name="selectFromDropDown" time="0.060"/>
  <testcase classname="${package}.testscripts.SearchPage" name="enterData" time="1.131"/>
  <testcase classname="${package}.testscripts.SearchPage" name="enterData" time="1.065"/>
  <testcase classname="${package}.testscripts.SearchPage" name="validateValidOutcome" time="3.054"/>
  <testcase classname="${package}.testscripts.SearchPage" name="validateInvalidOutcome" time="3.119"/>
</testsuite> <!-- ${package}.testscripts.SearchPage -->
